<?xml version="1.0" encoding="UTF-8"?>
<!-- Generated by org.testng.reporters.JUnitReportReporter -->
<testsuite hostname="DESKTOP-BDB3LRA" name="airspace_qa_challenge.regression.test.LoginTest" tests="6" failures="0" timestamp="30 Jul 2020 17:49:26 GMT" time="45.009" errors="0">
  <testcase name="testingUnsuccessfulLoginWithDataProvider" time="6.623" classname="airspace_qa_challenge.regression.test.LoginTest"/>
  <testcase name="testingToCheckMaskedPassword" time="7.072" classname="airspace_qa_challenge.regression.test.LoginTest"/>
  <testcase name="testingLogoutAfterSuccessfulLogin" time="7.828" classname="airspace_qa_challenge.regression.test.LoginTest"/>
  <testcase name="testingUnsuccessfulLoginWithDataProvider" time="7.284" classname="airspace_qa_challenge.regression.test.LoginTest"/>
  <testcase name="testingUnsuccessfulLoginWithDataProvider" time="8.952" classname="airspace_qa_challenge.regression.test.LoginTest"/>
  <testcase name="testingSuccessfulLogin" time="7.250" classname="airspace_qa_challenge.regression.test.LoginTest"/>
</testsuite> <!-- airspace_qa_challenge.regression.test.LoginTest -->
