<?xml version="1.0" encoding="UTF-8"?>
<!-- Generated by org.testng.reporters.JUnitReportReporter -->
<testsuite hostname="DESKTOP-BDB3LRA" name="airspace_qa_challenge.regression.test.LoginTest" tests="1" failures="0" timestamp="30 Jul 2020 18:32:08 GMT" time="8.755" errors="0">
  <testcase name="testingSuccessfulLogin" time="8.755" classname="airspace_qa_challenge.regression.test.LoginTest"/>
</testsuite> <!-- airspace_qa_challenge.regression.test.LoginTest -->
