<?xml version="1.0" encoding="UTF-8"?>
<!-- Generated by org.testng.reporters.JUnitReportReporter -->
<testsuite hostname="DESKTOP-BDB3LRA" name="airspace_qa_challenge.regression.page.LoginTest" tests="6" failures="0" timestamp="29 Jul 2020 22:57:57 GMT" time="42.931" errors="0">
  <testcase name="testingToCheckMaskedPassword" time="6.655" classname="airspace_qa_challenge.regression.page.LoginTest"/>
  <testcase name="testingUnsuccessfulLoginWithDataProvider" time="6.711" classname="airspace_qa_challenge.regression.page.LoginTest"/>
  <testcase name="testingUnsuccessfulLoginWithDataProvider" time="6.955" classname="airspace_qa_challenge.regression.page.LoginTest"/>
  <testcase name="testingToCheckLogoutWithSuccessfulLogin" time="7.556" classname="airspace_qa_challenge.regression.page.LoginTest"/>
  <testcase name="testingSuccessfulLogin" time="6.838" classname="airspace_qa_challenge.regression.page.LoginTest"/>
  <testcase name="testingUnsuccessfulLoginWithDataProvider" time="8.216" classname="airspace_qa_challenge.regression.page.LoginTest"/>
</testsuite> <!-- airspace_qa_challenge.regression.page.LoginTest -->
